{
  "RSpec": {
    "coverage": {
      "/Users/iina/ratebeer/app/models/rating.rb": [
        1,
        1,
        1,
        1,
        null,
        null,
        null,
        3,
        null,
        1,
        33,
        null,
        null
      ],
      "/Users/iina/ratebeer/app/helpers/application_helper.rb": [
        1,
        1,
        1,
        0,
        0,
        null,
        0,
        null,
        null,
        null,
        1,
        26,
        null,
        null
      ],
      "/Users/iina/ratebeer/app/helpers/beer_clubs_helper.rb": [
        1,
        null
      ],
      "/Users/iina/ratebeer/app/helpers/beers_helper.rb": [
        1,
        null
      ],
      "/Users/iina/ratebeer/app/helpers/breweries_helper.rb": [
        1,
        null
      ],
      "/Users/iina/ratebeer/app/helpers/memberships_helper.rb": [
        1,
        null
      ],
      "/Users/iina/ratebeer/app/helpers/styles_helper.rb": [
        1,
        null
      ],
      "/Users/iina/ratebeer/app/helpers/users_helper.rb": [
        1,
        null
      ],
      "/Users/iina/ratebeer/app/models/beer.rb": [
        1,
        1,
        1,
        1,
        1,
        1,
        1,
        1,
        null,
        1,
        6,
        2,
        null,
        null,
        1,
        17,
        null,
        null,
        null
      ],
      "/Users/iina/ratebeer/app/models/concerns/rating_average.rb": [
        1,
        1,
        1,
        38,
        null,
        null
      ],
      "/Users/iina/ratebeer/app/models/brewery.rb": [
        1,
        1,
        1,
        1,
        1,
        41,
        null,
        4,
        4,
        null,
        1,
        4,
        2,
        null,
        null,
        null,
        null
      ],
      "/Users/iina/ratebeer/app/models/user.rb": [
        1,
        1,
        1,
        1,
        1,
        1,
        1,
        1,
        null,
        1,
        null,
        1,
        12,
        11,
        null,
        null,
        1,
        12,
        null,
        null,
        1,
        11,
        null,
        null,
        1,
        23,
        null,
        107,
        61,
        null,
        null,
        1,
        null,
        1,
        242,
        40,
        null,
        null,
        1,
        4,
        2,
        null,
        null,
        null,
        null,
        null,
        null,
        null,
        null,
        null,
        null,
        null
      ],
      "/Users/iina/ratebeer/app/controllers/sessions_controller.rb": [
        1,
        null,
        1,
        null,
        null,
        1,
        9,
        null,
        9,
        8,
        8,
        1,
        0,
        null,
        1,
        null,
        null,
        null,
        1,
        0,
        0,
        null,
        null
      ],
      "/Users/iina/ratebeer/app/controllers/application_controller.rb": [
        1,
        null,
        null,
        1,
        null,
        1,
        null,
        1,
        171,
        113,
        null,
        null,
        1,
        4,
        null,
        null,
        1,
        0,
        null,
        null
      ],
      "/Users/iina/ratebeer/app/controllers/users_controller.rb": [
        1,
        1,
        null,
        null,
        null,
        1,
        0,
        null,
        null,
        null,
        null,
        1,
        null,
        null,
        null,
        1,
        1,
        null,
        null,
        null,
        1,
        null,
        null,
        null,
        null,
        1,
        1,
        1,
        null,
        1,
        1,
        2,
        1,
        null,
        0,
        0,
        null,
        null,
        null,
        null,
        null,
        null,
        1,
        0,
        0,
        0,
        0,
        null,
        0,
        0,
        null,
        null,
        null,
        null,
        null,
        null,
        null,
        1,
        0,
        0,
        0,
        null,
        0,
        0,
        0,
        null,
        null,
        null,
        null,
        1,
        0,
        0,
        null,
        0,
        null,
        null,
        1,
        null,
        1,
        16,
        null,
        null,
        null,
        1,
        1,
        null,
        null
      ],
      "/Users/iina/ratebeer/app/models/membership.rb": [
        1,
        1,
        1,
        null
      ],
      "/Users/iina/ratebeer/app/models/beer_club.rb": [
        1,
        1,
        1,
        null
      ],
      "/Users/iina/ratebeer/app/models/style.rb": [
        1,
        1,
        1,
        1,
        1,
        null,
        1,
        6,
        2,
        null,
        null
      ],
      "/Users/iina/ratebeer/app/controllers/beers_controller.rb": [
        1,
        1,
        1,
        1,
        1,
        null,
        null,
        null,
        1,
        1,
        null,
        null,
        null,
        null,
        1,
        0,
        0,
        null,
        null,
        null,
        1,
        2,
        null,
        null,
        null,
        1,
        null,
        null,
        null,
        null,
        1,
        2,
        null,
        2,
        2,
        2,
        1,
        null,
        2,
        1,
        null,
        null,
        null,
        null,
        null,
        null,
        1,
        0,
        0,
        0,
        0,
        null,
        0,
        0,
        null,
        null,
        null,
        null,
        null,
        null,
        1,
        0,
        0,
        0,
        0,
        null,
        null,
        null,
        1,
        4,
        4,
        null,
        null,
        1,
        null,
        1,
        0,
        null,
        null,
        null,
        1,
        2,
        null,
        null
      ],
      "/Users/iina/ratebeer/app/controllers/breweries_controller.rb": [
        1,
        1,
        1,
        1,
        null,
        null,
        null,
        1,
        3,
        3,
        null,
        null,
        null,
        null,
        1,
        null,
        null,
        null,
        1,
        0,
        null,
        null,
        null,
        1,
        null,
        null,
        null,
        null,
        1,
        0,
        null,
        0,
        0,
        0,
        0,
        null,
        0,
        0,
        null,
        null,
        null,
        null,
        null,
        null,
        1,
        0,
        0,
        0,
        0,
        null,
        0,
        0,
        null,
        null,
        null,
        null,
        null,
        null,
        1,
        0,
        0,
        0,
        0,
        null,
        null,
        null,
        1,
        0,
        0,
        null,
        0,
        null,
        0,
        null,
        null,
        1,
        null,
        null,
        1,
        1,
        null,
        null,
        null,
        1,
        0,
        null,
        null
      ],
      "/Users/iina/ratebeer/lib/beermapping_api.rb": [
        1,
        null,
        1,
        0,
        0,
        null,
        null,
        1,
        null,
        1,
        0,
        null,
        0,
        0,
        null,
        0,
        null,
        0,
        0,
        0,
        null,
        null,
        null,
        1,
        0,
        0,
        null,
        null,
        null,
        null
      ],
      "/Users/iina/ratebeer/app/models/place.rb": [
        1,
        1,
        null,
        1,
        null,
        1,
        6,
        null,
        null,
        null
      ],
      "/Users/iina/ratebeer/app/controllers/places_controller.rb": [
        1,
        1,
        null,
        1,
        null,
        null,
        1,
        null,
        null,
        1,
        null,
        3,
        null,
        3,
        1,
        null,
        2,
        2,
        2,
        null,
        null,
        null,
        null,
        1,
        0,
        null,
        null,
        null
      ],
      "/Users/iina/ratebeer/app/controllers/ratings_controller.rb": [
        1,
        1,
        2,
        2,
        2,
        2,
        2,
        null,
        1,
        1,
        1,
        null,
        1,
        1,
        null,
        1,
        0,
        1,
        1,
        1,
        null,
        0,
        0,
        null,
        null,
        null,
        null,
        1,
        1,
        1,
        1,
        null,
        null
      ],
      "/Users/iina/ratebeer/app/controllers/beer_clubs_controller.rb": [
        0,
        0,
        0,
        0,
        0,
        0,
        0,
        0,
        0,
        0,
        0,
        0,
        0,
        0,
        0,
        0,
        0,
        0,
        0,
        0,
        0,
        0,
        0,
        0,
        0,
        0,
        0,
        0,
        0,
        0,
        0,
        0,
        0,
        0,
        0,
        0,
        0,
        0,
        0,
        0,
        0,
        0,
        0,
        0,
        0,
        0,
        0,
        0,
        0,
        0,
        0,
        0,
        0,
        0,
        0,
        0,
        0,
        0,
        0,
        0,
        0,
        0,
        0,
        0,
        0,
        0,
        0,
        0,
        0,
        0,
        0,
        0,
        0,
        0,
        0,
        0,
        0,
        0,
        0,
        0,
        0,
        0
      ],
      "/Users/iina/ratebeer/app/controllers/memberships_controller.rb": [
        0,
        0,
        0,
        0,
        0,
        0,
        0,
        0,
        0,
        0,
        0,
        0,
        0,
        0,
        0,
        0,
        0,
        0,
        0,
        0,
        0,
        0,
        0,
        0,
        0,
        0,
        0,
        0,
        0,
        0,
        0,
        0,
        0,
        0,
        0,
        0,
        0,
        0,
        0,
        0,
        0,
        0,
        0,
        0,
        0,
        0,
        0,
        0,
        0,
        0,
        0,
        0,
        0,
        0,
        0,
        0,
        0,
        0,
        0,
        0,
        0,
        0,
        0,
        0,
        0,
        0,
        0,
        0,
        0,
        0,
        0,
        0,
        0,
        0,
        0
      ],
      "/Users/iina/ratebeer/app/controllers/styles_controller.rb": [
        0,
        0,
        0,
        0,
        0,
        0,
        0,
        0,
        0,
        0,
        0,
        0,
        0,
        0,
        0,
        0,
        0,
        0,
        0,
        0,
        0,
        0,
        0,
        0,
        0,
        0,
        0,
        0,
        0,
        0,
        0,
        0,
        0,
        0,
        0,
        0,
        0,
        0,
        0,
        0,
        0,
        0,
        0,
        0,
        0,
        0,
        0,
        0,
        0,
        0,
        0,
        0,
        0,
        0,
        0,
        0,
        0,
        0,
        0,
        0,
        0,
        0,
        0,
        0,
        0,
        0,
        0,
        0,
        0,
        0,
        0,
        0,
        0,
        0,
        0,
        0
      ],
      "/Users/iina/ratebeer/lib/beermappingapi_spec.rb": [
        0,
        0,
        0,
        0,
        0,
        0,
        0,
        0,
        0,
        0,
        0,
        0,
        0,
        0,
        0,
        0,
        0,
        0,
        0,
        0,
        0,
        0,
        0,
        0,
        0,
        0,
        0,
        0,
        0,
        0,
        0,
        0,
        0,
        0,
        0,
        0,
        0,
        0,
        0,
        0,
        0,
        0,
        0,
        0,
        0,
        0,
        0,
        0,
        0,
        0,
        0,
        0,
        0,
        0,
        0,
        0,
        0,
        0,
        0,
        0,
        0,
        0,
        0,
        0,
        0,
        0,
        0,
        0,
        0,
        0,
        0,
        0,
        0,
        0,
        0,
        0,
        0,
        0,
        0,
        0,
        0,
        0,
        0,
        0
      ]
    },
    "timestamp": 1456666136
  }
}
